<?xml version="1.0" encoding="UTF-8"?>
<testsuite xmlns:xsi="http://www.w3.org/2001/XMLSchema-instance" xsi:noNamespaceSchemaLocation="https://maven.apache.org/surefire/maven-surefire-plugin/xsd/surefire-test-report.xsd" name="site.madai.redis.redisTest" time="0.532" tests="3" errors="0" skipped="0" failures="0">
  <properties>
[...]
</properties>
  <testcase name="delRedisKey1" classname="site.madai.redis.redisTest" time="0.027"/>
  <testcase name="test01" classname="site.madai.redis.redisTest" time="0.007"/>
  <testcase name="delReidsKey" classname="site.madai.redis.redisTest" time="0.002"/>
</testsuite>